{"C:\\Users\\Pethkar\\Desktop\\uDIAL backend infrastructure\\apps\\api\\src\\auth\\auth.guard.ts": {"path":"C:\\Users\\Pethkar\\Desktop\\uDIAL backend infrastructure\\apps\\api\\src\\auth\\auth.guard.ts","statementMap":{"0":{"start":{"line":1,"column":0},"end":{"line":1,"column":98}},"1":{"start":{"line":2,"column":0},"end":{"line":2,"column":36}},"2":{"start":{"line":5,"column":7},"end":{"line":16,"column":null}},"3":{"start":{"line":7,"column":16},"end":{"line":7,"column":51}},"4":{"start":{"line":8,"column":23},"end":{"line":8,"column":51}},"5":{"start":{"line":9,"column":4},"end":{"line":9,"column":85}},"6":{"start":{"line":9,"column":21},"end":{"line":9,"column":85}},"7":{"start":{"line":10,"column":18},"end":{"line":10,"column":51}},"8":{"start":{"line":11,"column":18},"end":{"line":11,"column":40}},"9":{"start":{"line":12,"column":4},"end":{"line":12,"column":65}},"10":{"start":{"line":12,"column":16},"end":{"line":12,"column":65}},"11":{"start":{"line":13,"column":4},"end":{"line":13,"column":21}},"12":{"start":{"line":14,"column":4},"end":{"line":14,"column":16}},"13":{"start":{"line":5,"column":13},"end":{"line":5,"column":22}},"14":{"start":{"line":5,"column":13},"end":{"line":16,"column":null}}},"fnMap":{"0":{"name":"(anonymous_1)","decl":{"start":{"line":6,"column":2},"end":{"line":6,"column":7}},"loc":{"start":{"line":6,"column":45},"end":{"line":15,"column":3}}}},"branchMap":{"0":{"loc":{"start":{"line":9,"column":4},"end":{"line":9,"column":85}},"type":"if","locations":[{"start":{"line":9,"column":4},"end":{"line":9,"column":85}}]},"1":{"loc":{"start":{"line":12,"column":4},"end":{"line":12,"column":65}},"type":"if","locations":[{"start":{"line":12,"column":4},"end":{"line":12,"column":65}}]}},"s":{"0":6,"1":6,"2":6,"3":3,"4":3,"5":3,"6":1,"7":2,"8":2,"9":2,"10":1,"11":1,"12":1,"13":6,"14":6},"f":{"0":3},"b":{"0":[1],"1":[1]}}
,"C:\\Users\\Pethkar\\Desktop\\uDIAL backend infrastructure\\apps\\api\\src\\auth\\clerk.ts": {"path":"C:\\Users\\Pethkar\\Desktop\\uDIAL backend infrastructure\\apps\\api\\src\\auth\\clerk.ts","statementMap":{"0":{"start":{"line":3,"column":0},"end":{"line":3,"column":7}},"1":{"start":{"line":1,"column":0},"end":{"line":1,"column":64}},"2":{"start":{"line":4,"column":2},"end":{"line":20,"column":3}},"3":{"start":{"line":5,"column":26},"end":{"line":8,"column":6}},"4":{"start":{"line":9,"column":4},"end":{"line":11,"column":5}},"5":{"start":{"line":10,"column":6},"end":{"line":10,"column":18}},"6":{"start":{"line":12,"column":24},"end":{"line":14,"column":6}},"7":{"start":{"line":15,"column":17},"end":{"line":15,"column":67}},"8":{"start":{"line":16,"column":4},"end":{"line":16,"column":35}},"9":{"start":{"line":18,"column":4},"end":{"line":18,"column":59}},"10":{"start":{"line":19,"column":4},"end":{"line":19,"column":16}}},"fnMap":{"0":{"name":"verifyJwt","decl":{"start":{"line":3,"column":22},"end":{"line":3,"column":31}},"loc":{"start":{"line":3,"column":45},"end":{"line":21,"column":1}}}},"branchMap":{"0":{"loc":{"start":{"line":9,"column":4},"end":{"line":11,"column":5}},"type":"if","locations":[{"start":{"line":9,"column":4},"end":{"line":11,"column":5}}]},"1":{"loc":{"start":{"line":9,"column":8},"end":{"line":9,"column":44}},"type":"binary-expr","locations":[{"start":{"line":9,"column":8},"end":{"line":9,"column":22}},{"start":{"line":9,"column":26},"end":{"line":9,"column":44}}]}},"s":{"0":7,"1":7,"2":4,"3":4,"4":3,"5":1,"6":2,"7":2,"8":1,"9":2,"10":2},"f":{"0":4},"b":{"0":[1],"1":[3,3]}}
,"C:\\Users\\Pethkar\\Desktop\\uDIAL backend infrastructure\\apps\\api\\src\\health\\health.controller.ts": {"path":"C:\\Users\\Pethkar\\Desktop\\uDIAL backend infrastructure\\apps\\api\\src\\health\\health.controller.ts","statementMap":{"0":{"start":{"line":1,"column":0},"end":{"line":1,"column":49}},"1":{"start":{"line":4,"column":7},"end":{"line":9,"column":null}},"2":{"start":{"line":7,"column":4},"end":{"line":7,"column":28}},"3":{"start":{"line":4,"column":13},"end":{"line":4,"column":29}},"4":{"start":{"line":6,"column":2},"end":{"line":8,"column":null}},"5":{"start":{"line":4,"column":13},"end":{"line":9,"column":null}}},"fnMap":{"0":{"name":"(anonymous_2)","decl":{"start":{"line":6,"column":2},"end":{"line":6,"column":8}},"loc":{"start":{"line":6,"column":8},"end":{"line":8,"column":3}}}},"branchMap":{},"s":{"0":2,"1":2,"2":1,"3":2,"4":2,"5":2},"f":{"0":1},"b":{}}
,"C:\\Users\\Pethkar\\Desktop\\uDIAL backend infrastructure\\apps\\api\\src\\leads\\leads.controller.ts": {"path":"C:\\Users\\Pethkar\\Desktop\\uDIAL backend infrastructure\\apps\\api\\src\\leads\\leads.controller.ts","statementMap":{"0":{"start":{"line":1,"column":0},"end":{"line":1,"column":92}},"1":{"start":{"line":2,"column":0},"end":{"line":2,"column":77}},"2":{"start":{"line":3,"column":0},"end":{"line":3,"column":47}},"3":{"start":{"line":7,"column":7},"end":{"line":34,"column":null}},"4":{"start":{"line":8,"column":31},"end":{"line":8,"column":45}},"5":{"start":{"line":12,"column":4},"end":{"line":12,"column":39}},"6":{"start":{"line":17,"column":4},"end":{"line":17,"column":42}},"7":{"start":{"line":22,"column":4},"end":{"line":22,"column":41}},"8":{"start":{"line":27,"column":4},"end":{"line":27,"column":46}},"9":{"start":{"line":32,"column":4},"end":{"line":32,"column":40}},"10":{"start":{"line":7,"column":13},"end":{"line":7,"column":28}},"11":{"start":{"line":11,"column":2},"end":{"line":13,"column":null}},"12":{"start":{"line":16,"column":2},"end":{"line":18,"column":null}},"13":{"start":{"line":21,"column":2},"end":{"line":23,"column":null}},"14":{"start":{"line":26,"column":2},"end":{"line":28,"column":null}},"15":{"start":{"line":31,"column":2},"end":{"line":33,"column":null}},"16":{"start":{"line":7,"column":13},"end":{"line":34,"column":null}}},"fnMap":{"0":{"name":"(anonymous_4)","decl":{"start":{"line":8,"column":2},"end":{"line":8,"column":31}},"loc":{"start":{"line":8,"column":57},"end":{"line":8,"column":61}}},"1":{"name":"(anonymous_5)","decl":{"start":{"line":11,"column":2},"end":{"line":11,"column":9}},"loc":{"start":{"line":11,"column":9},"end":{"line":13,"column":3}}},"2":{"name":"(anonymous_6)","decl":{"start":{"line":16,"column":2},"end":{"line":16,"column":8}},"loc":{"start":{"line":16,"column":36},"end":{"line":18,"column":3}}},"3":{"name":"(anonymous_7)","decl":{"start":{"line":21,"column":2},"end":{"line":21,"column":9}},"loc":{"start":{"line":21,"column":33},"end":{"line":23,"column":3}}},"4":{"name":"(anonymous_8)","decl":{"start":{"line":26,"column":2},"end":{"line":26,"column":8}},"loc":{"start":{"line":26,"column":61},"end":{"line":28,"column":3}}},"5":{"name":"(anonymous_9)","decl":{"start":{"line":31,"column":2},"end":{"line":31,"column":8}},"loc":{"start":{"line":31,"column":32},"end":{"line":33,"column":3}}}},"branchMap":{},"s":{"0":2,"1":2,"2":2,"3":2,"4":12,"5":2,"6":2,"7":1,"8":1,"9":1,"10":2,"11":2,"12":2,"13":2,"14":2,"15":2,"16":2},"f":{"0":12,"1":2,"2":2,"3":1,"4":1,"5":1},"b":{}}
,"C:\\Users\\Pethkar\\Desktop\\uDIAL backend infrastructure\\apps\\api\\src\\leads\\leads.service.ts": {"path":"C:\\Users\\Pethkar\\Desktop\\uDIAL backend infrastructure\\apps\\api\\src\\leads\\leads.service.ts","statementMap":{"0":{"start":{"line":2,"column":0},"end":{"line":2,"column":63}},"1":{"start":{"line":3,"column":0},"end":{"line":3,"column":57}},"2":{"start":{"line":31,"column":7},"end":{"line":72,"column":null}},"3":{"start":{"line":32,"column":22},"end":{"line":32,"column":30}},"4":{"start":{"line":35,"column":4},"end":{"line":37,"column":7}},"5":{"start":{"line":41,"column":4},"end":{"line":43,"column":7}},"6":{"start":{"line":47,"column":17},"end":{"line":49,"column":6}},"7":{"start":{"line":50,"column":4},"end":{"line":52,"column":5}},"8":{"start":{"line":51,"column":6},"end":{"line":51,"column":66}},"9":{"start":{"line":53,"column":4},"end":{"line":53,"column":16}},"10":{"start":{"line":58,"column":4},"end":{"line":58,"column":27}},"11":{"start":{"line":59,"column":4},"end":{"line":62,"column":7}},"12":{"start":{"line":67,"column":4},"end":{"line":67,"column":27}},"13":{"start":{"line":68,"column":4},"end":{"line":70,"column":7}},"14":{"start":{"line":31,"column":13},"end":{"line":31,"column":25}},"15":{"start":{"line":31,"column":13},"end":{"line":72,"column":null}}},"fnMap":{"0":{"name":"(anonymous_2)","decl":{"start":{"line":32,"column":2},"end":{"line":32,"column":22}},"loc":{"start":{"line":32,"column":43},"end":{"line":32,"column":47}}},"1":{"name":"(anonymous_3)","decl":{"start":{"line":34,"column":2},"end":{"line":34,"column":7}},"loc":{"start":{"line":34,"column":15},"end":{"line":38,"column":3}}},"2":{"name":"(anonymous_4)","decl":{"start":{"line":40,"column":2},"end":{"line":40,"column":7}},"loc":{"start":{"line":40,"column":34},"end":{"line":44,"column":3}}},"3":{"name":"(anonymous_5)","decl":{"start":{"line":46,"column":2},"end":{"line":46,"column":7}},"loc":{"start":{"line":46,"column":26},"end":{"line":54,"column":3}}},"4":{"name":"(anonymous_6)","decl":{"start":{"line":56,"column":2},"end":{"line":56,"column":7}},"loc":{"start":{"line":56,"column":46},"end":{"line":63,"column":3}}},"5":{"name":"(anonymous_7)","decl":{"start":{"line":65,"column":2},"end":{"line":65,"column":7}},"loc":{"start":{"line":65,"column":25},"end":{"line":71,"column":3}}}},"branchMap":{"0":{"loc":{"start":{"line":50,"column":4},"end":{"line":52,"column":5}},"type":"if","locations":[{"start":{"line":50,"column":4},"end":{"line":52,"column":5}}]}},"s":{"0":3,"1":3,"2":3,"3":15,"4":2,"5":2,"6":7,"7":7,"8":4,"9":3,"10":2,"11":1,"12":2,"13":1,"14":3,"15":3},"f":{"0":15,"1":2,"2":2,"3":7,"4":2,"5":2},"b":{"0":[4]}}
,"C:\\Users\\Pethkar\\Desktop\\uDIAL backend infrastructure\\apps\\api\\src\\logs\\audit-log.service.ts": {"path":"C:\\Users\\Pethkar\\Desktop\\uDIAL backend infrastructure\\apps\\api\\src\\logs\\audit-log.service.ts","statementMap":{"0":{"start":{"line":1,"column":0},"end":{"line":1,"column":52}},"1":{"start":{"line":2,"column":0},"end":{"line":2,"column":57}},"2":{"start":{"line":17,"column":28},"end":{"line":78,"column":null}},"3":{"start":{"line":20,"column":31},"end":{"line":20,"column":39}},"4":{"start":{"line":18,"column":19},"end":{"line":18,"column":61}},"5":{"start":{"line":23,"column":4},"end":{"line":42,"column":5}},"6":{"start":{"line":24,"column":6},"end":{"line":36,"column":9}},"7":{"start":{"line":37,"column":6},"end":{"line":37,"column":61}},"8":{"start":{"line":39,"column":27},"end":{"line":39,"column":81}},"9":{"start":{"line":40,"column":6},"end":{"line":40,"column":71}},"10":{"start":{"line":46,"column":48},"end":{"line":46,"column":61}},"11":{"start":{"line":48,"column":4},"end":{"line":62,"column":7}},"12":{"start":{"line":66,"column":4},"end":{"line":70,"column":7}},"13":{"start":{"line":74,"column":4},"end":{"line":76,"column":7}},"14":{"start":{"line":17,"column":13},"end":{"line":17,"column":28}},"15":{"start":{"line":17,"column":13},"end":{"line":78,"column":null}}},"fnMap":{"0":{"name":"(anonymous_2)","decl":{"start":{"line":20,"column":2},"end":{"line":20,"column":31}},"loc":{"start":{"line":20,"column":52},"end":{"line":20,"column":56}}},"1":{"name":"(anonymous_3)","decl":{"start":{"line":22,"column":2},"end":{"line":22,"column":7}},"loc":{"start":{"line":22,"column":36},"end":{"line":43,"column":3}}},"2":{"name":"(anonymous_4)","decl":{"start":{"line":45,"column":2},"end":{"line":45,"column":7}},"loc":{"start":{"line":45,"column":78},"end":{"line":63,"column":3}}},"3":{"name":"(anonymous_5)","decl":{"start":{"line":65,"column":2},"end":{"line":65,"column":7}},"loc":{"start":{"line":65,"column":48},"end":{"line":71,"column":3}}},"4":{"name":"(anonymous_6)","decl":{"start":{"line":73,"column":2},"end":{"line":73,"column":7}},"loc":{"start":{"line":73,"column":36},"end":{"line":77,"column":3}}}},"branchMap":{"0":{"loc":{"start":{"line":39,"column":27},"end":{"line":39,"column":81}},"type":"cond-expr","locations":[{"start":{"line":39,"column":52},"end":{"line":39,"column":65}},{"start":{"line":39,"column":68},"end":{"line":39,"column":81}}]},"1":{"loc":{"start":{"line":46,"column":12},"end":{"line":46,"column":23}},"type":"default-arg","locations":[{"start":{"line":46,"column":20},"end":{"line":46,"column":23}}]},"2":{"loc":{"start":{"line":46,"column":25},"end":{"line":46,"column":35}},"type":"default-arg","locations":[{"start":{"line":46,"column":34},"end":{"line":46,"column":35}}]},"3":{"loc":{"start":{"line":46,"column":48},"end":{"line":46,"column":61}},"type":"binary-expr","locations":[{"start":{"line":46,"column":48},"end":{"line":46,"column":55}},{"start":{"line":46,"column":59},"end":{"line":46,"column":61}}]},"4":{"loc":{"start":{"line":49,"column":13},"end":{"line":49,"column":44}},"type":"cond-expr","locations":[{"start":{"line":49,"column":22},"end":{"line":49,"column":32}},{"start":{"line":49,"column":35},"end":{"line":49,"column":44}}]},"5":{"loc":{"start":{"line":65,"column":37},"end":{"line":65,"column":48}},"type":"default-arg","locations":[{"start":{"line":65,"column":45},"end":{"line":65,"column":48}}]}},"s":{"0":4,"1":4,"2":4,"3":18,"4":18,"5":3,"6":3,"7":2,"8":1,"9":1,"10":3,"11":3,"12":2,"13":1,"14":4,"15":4},"f":{"0":18,"1":3,"2":3,"3":2,"4":1},"b":{"0":[1,0],"1":[2],"2":[2],"3":[3,1],"4":[1,2],"5":[1]}}
,"C:\\Users\\Pethkar\\Desktop\\uDIAL backend infrastructure\\apps\\api\\src\\logs\\logging.interceptor.ts": {"path":"C:\\Users\\Pethkar\\Desktop\\uDIAL backend infrastructure\\apps\\api\\src\\logs\\logging.interceptor.ts","statementMap":{"0":{"start":{"line":1,"column":0},"end":{"line":1,"column":100}},"1":{"start":{"line":3,"column":0},"end":{"line":3,"column":37}},"2":{"start":{"line":4,"column":0},"end":{"line":4,"column":51}},"3":{"start":{"line":7,"column":7},"end":{"line":55,"column":null}},"4":{"start":{"line":10,"column":31},"end":{"line":10,"column":44}},"5":{"start":{"line":8,"column":19},"end":{"line":8,"column":47}},"6":{"start":{"line":13,"column":20},"end":{"line":13,"column":55}},"7":{"start":{"line":14,"column":41},"end":{"line":14,"column":48}},"8":{"start":{"line":15,"column":22},"end":{"line":15,"column":49}},"9":{"start":{"line":16,"column":18},"end":{"line":16,"column":28}},"10":{"start":{"line":18,"column":4},"end":{"line":53,"column":6}},"11":{"start":{"line":21,"column":27},"end":{"line":21,"column":63}},"12":{"start":{"line":22,"column":29},"end":{"line":22,"column":48}},"13":{"start":{"line":23,"column":27},"end":{"line":23,"column":45}},"14":{"start":{"line":26,"column":10},"end":{"line":36,"column":82}},"15":{"start":{"line":36,"column":28},"end":{"line":36,"column":80}},"16":{"start":{"line":38,"column":10},"end":{"line":38,"column":74}},"17":{"start":{"line":41,"column":27},"end":{"line":41,"column":45}},"18":{"start":{"line":42,"column":10},"end":{"line":50,"column":88}},"19":{"start":{"line":50,"column":28},"end":{"line":50,"column":86}},"20":{"start":{"line":7,"column":13},"end":{"line":7,"column":31}},"21":{"start":{"line":7,"column":13},"end":{"line":55,"column":null}}},"fnMap":{"0":{"name":"(anonymous_2)","decl":{"start":{"line":10,"column":2},"end":{"line":10,"column":31}},"loc":{"start":{"line":10,"column":55},"end":{"line":10,"column":59}}},"1":{"name":"(anonymous_3)","decl":{"start":{"line":12,"column":2},"end":{"line":12,"column":11}},"loc":{"start":{"line":12,"column":56},"end":{"line":54,"column":3}}},"2":{"name":"(anonymous_4)","decl":{"start":{"line":20,"column":14},"end":{"line":20,"column":15}},"loc":{"start":{"line":20,"column":29},"end":{"line":39,"column":9}}},"3":{"name":"(anonymous_5)","decl":{"start":{"line":36,"column":19},"end":{"line":36,"column":20}},"loc":{"start":{"line":36,"column":28},"end":{"line":36,"column":80}}},"4":{"name":"(anonymous_6)","decl":{"start":{"line":40,"column":15},"end":{"line":40,"column":16}},"loc":{"start":{"line":40,"column":32},"end":{"line":51,"column":9}}},"5":{"name":"(anonymous_7)","decl":{"start":{"line":50,"column":19},"end":{"line":50,"column":20}},"loc":{"start":{"line":50,"column":28},"end":{"line":50,"column":86}}}},"branchMap":{"0":{"loc":{"start":{"line":15,"column":22},"end":{"line":15,"column":49}},"type":"binary-expr","locations":[{"start":{"line":15,"column":22},"end":{"line":15,"column":43}},{"start":{"line":15,"column":47},"end":{"line":15,"column":49}}]}},"s":{"0":1,"1":1,"2":1,"3":1,"4":5,"5":5,"6":4,"7":4,"8":4,"9":4,"10":4,"11":3,"12":3,"13":3,"14":3,"15":1,"16":3,"17":1,"18":1,"19":0,"20":1,"21":1},"f":{"0":5,"1":4,"2":3,"3":1,"4":1,"5":0},"b":{"0":[4,1]}}
,"C:\\Users\\Pethkar\\Desktop\\uDIAL backend infrastructure\\apps\\api\\src\\logs\\logs.service.ts": {"path":"C:\\Users\\Pethkar\\Desktop\\uDIAL backend infrastructure\\apps\\api\\src\\logs\\logs.service.ts","statementMap":{"0":{"start":{"line":1,"column":0},"end":{"line":1,"column":44}},"1":{"start":{"line":2,"column":0},"end":{"line":2,"column":45}},"2":{"start":{"line":3,"column":0},"end":{"line":3,"column":31}},"3":{"start":{"line":6,"column":7},"end":{"line":17,"column":null}},"4":{"start":{"line":7,"column":49},"end":{"line":7,"column":60}},"5":{"start":{"line":10,"column":4},"end":{"line":15,"column":7}},"6":{"start":{"line":6,"column":13},"end":{"line":6,"column":24}},"7":{"start":{"line":6,"column":13},"end":{"line":17,"column":null}}},"fnMap":{"0":{"name":"(anonymous_4)","decl":{"start":{"line":7,"column":2},"end":{"line":7,"column":15}},"loc":{"start":{"line":7,"column":65},"end":{"line":7,"column":69}}},"1":{"name":"(anonymous_5)","decl":{"start":{"line":9,"column":2},"end":{"line":9,"column":7}},"loc":{"start":{"line":9,"column":62},"end":{"line":16,"column":3}}}},"branchMap":{},"s":{"0":4,"1":4,"2":4,"3":4,"4":12,"5":3,"6":4,"7":4},"f":{"0":12,"1":3},"b":{}}
,"C:\\Users\\Pethkar\\Desktop\\uDIAL backend infrastructure\\apps\\api\\src\\prisma\\prisma.service.ts": {"path":"C:\\Users\\Pethkar\\Desktop\\uDIAL backend infrastructure\\apps\\api\\src\\prisma\\prisma.service.ts","statementMap":{"0":{"start":{"line":1,"column":0},"end":{"line":1,"column":66}},"1":{"start":{"line":2,"column":0},"end":{"line":2,"column":46}},"2":{"start":{"line":3,"column":0},"end":{"line":3,"column":46}},"3":{"start":{"line":4,"column":0},"end":{"line":4,"column":26}},"4":{"start":{"line":7,"column":26},"end":{"line":25,"column":null}},"5":{"start":{"line":11,"column":17},"end":{"line":16,"column":6}},"6":{"start":{"line":17,"column":20},"end":{"line":17,"column":38}},"7":{"start":{"line":18,"column":4},"end":{"line":18,"column":23}},"8":{"start":{"line":8,"column":19},"end":{"line":8,"column":59}},"9":{"start":{"line":22,"column":4},"end":{"line":22,"column":26}},"10":{"start":{"line":23,"column":4},"end":{"line":23,"column":52}},"11":{"start":{"line":7,"column":13},"end":{"line":7,"column":26}},"12":{"start":{"line":7,"column":13},"end":{"line":25,"column":null}}},"fnMap":{"0":{"name":"(anonymous_2)","decl":{"start":{"line":10,"column":2},"end":{"line":10,"column":null}},"loc":{"start":{"line":10,"column":2},"end":{"line":19,"column":3}}},"1":{"name":"(anonymous_3)","decl":{"start":{"line":21,"column":2},"end":{"line":21,"column":7}},"loc":{"start":{"line":21,"column":20},"end":{"line":24,"column":3}}}},"branchMap":{},"s":{"0":9,"1":9,"2":9,"3":9,"4":9,"5":2,"6":2,"7":2,"8":2,"9":0,"10":0,"11":9,"12":9},"f":{"0":2,"1":0},"b":{}}
,"C:\\Users\\Pethkar\\Desktop\\uDIAL backend infrastructure\\apps\\api\\src\\redis\\redis.service.ts": {"path":"C:\\Users\\Pethkar\\Desktop\\uDIAL backend infrastructure\\apps\\api\\src\\redis\\redis.service.ts","statementMap":{"0":{"start":{"line":1,"column":0},"end":{"line":1,"column":44}},"1":{"start":{"line":2,"column":0},"end":{"line":2,"column":28}},"2":{"start":{"line":5,"column":7},"end":{"line":25,"column":null}},"3":{"start":{"line":9,"column":4},"end":{"line":11,"column":5}},"4":{"start":{"line":10,"column":6},"end":{"line":10,"column":67}},"5":{"start":{"line":12,"column":4},"end":{"line":12,"column":61}},"6":{"start":{"line":16,"column":4},"end":{"line":16,"column":32}},"7":{"start":{"line":20,"column":4},"end":{"line":22,"column":5}},"8":{"start":{"line":21,"column":6},"end":{"line":21,"column":52}},"9":{"start":{"line":23,"column":4},"end":{"line":23,"column":39}},"10":{"start":{"line":5,"column":13},"end":{"line":5,"column":25}},"11":{"start":{"line":5,"column":13},"end":{"line":25,"column":null}}},"fnMap":{"0":{"name":"(anonymous_3)","decl":{"start":{"line":8,"column":2},"end":{"line":8,"column":null}},"loc":{"start":{"line":8,"column":2},"end":{"line":13,"column":3}}},"1":{"name":"(anonymous_4)","decl":{"start":{"line":15,"column":2},"end":{"line":15,"column":7}},"loc":{"start":{"line":15,"column":23},"end":{"line":17,"column":3}}},"2":{"name":"(anonymous_5)","decl":{"start":{"line":19,"column":2},"end":{"line":19,"column":7}},"loc":{"start":{"line":19,"column":52},"end":{"line":24,"column":3}}}},"branchMap":{"0":{"loc":{"start":{"line":9,"column":4},"end":{"line":11,"column":5}},"type":"if","locations":[{"start":{"line":9,"column":4},"end":{"line":11,"column":5}}]},"1":{"loc":{"start":{"line":20,"column":4},"end":{"line":22,"column":5}},"type":"if","locations":[{"start":{"line":20,"column":4},"end":{"line":22,"column":5}}]}},"s":{"0":2,"1":2,"2":2,"3":8,"4":1,"5":7,"6":1,"7":2,"8":1,"9":1,"10":2,"11":2},"f":{"0":8,"1":1,"2":2},"b":{"0":[1],"1":[1]}}
,"C:\\Users\\Pethkar\\Desktop\\uDIAL backend infrastructure\\apps\\api\\src\\s3\\s3.service.ts": {"path":"C:\\Users\\Pethkar\\Desktop\\uDIAL backend infrastructure\\apps\\api\\src\\s3\\s3.service.ts","statementMap":{"0":{"start":{"line":1,"column":0},"end":{"line":1,"column":44}},"1":{"start":{"line":2,"column":0},"end":{"line":2,"column":64}},"2":{"start":{"line":3,"column":0},"end":{"line":3,"column":61}},"3":{"start":{"line":6,"column":7},"end":{"line":26,"column":null}},"4":{"start":{"line":10,"column":4},"end":{"line":16,"column":7}},"5":{"start":{"line":20,"column":20},"end":{"line":23,"column":6}},"6":{"start":{"line":24,"column":4},"end":{"line":24,"column":67}},"7":{"start":{"line":6,"column":13},"end":{"line":6,"column":22}},"8":{"start":{"line":6,"column":13},"end":{"line":26,"column":null}}},"fnMap":{"0":{"name":"(anonymous_2)","decl":{"start":{"line":9,"column":2},"end":{"line":9,"column":null}},"loc":{"start":{"line":9,"column":2},"end":{"line":17,"column":3}}},"1":{"name":"(anonymous_3)","decl":{"start":{"line":19,"column":2},"end":{"line":19,"column":7}},"loc":{"start":{"line":19,"column":40},"end":{"line":25,"column":3}}}},"branchMap":{},"s":{"0":5,"1":5,"2":5,"3":5,"4":10,"5":5,"6":5,"7":5,"8":5},"f":{"0":10,"1":5},"b":{}}
,"C:\\Users\\Pethkar\\Desktop\\uDIAL backend infrastructure\\apps\\api\\src\\uploads\\uploads.controller.ts": {"path":"C:\\Users\\Pethkar\\Desktop\\uDIAL backend infrastructure\\apps\\api\\src\\uploads\\uploads.controller.ts","statementMap":{"0":{"start":{"line":1,"column":0},"end":{"line":1,"column":67}},"1":{"start":{"line":2,"column":0},"end":{"line":2,"column":51}},"2":{"start":{"line":3,"column":0},"end":{"line":3,"column":47}},"3":{"start":{"line":7,"column":7},"end":{"line":14,"column":null}},"4":{"start":{"line":8,"column":31},"end":{"line":8,"column":47}},"5":{"start":{"line":12,"column":4},"end":{"line":12,"column":57}},"6":{"start":{"line":7,"column":13},"end":{"line":7,"column":30}},"7":{"start":{"line":11,"column":2},"end":{"line":13,"column":null}},"8":{"start":{"line":7,"column":13},"end":{"line":14,"column":null}}},"fnMap":{"0":{"name":"(anonymous_4)","decl":{"start":{"line":8,"column":2},"end":{"line":8,"column":31}},"loc":{"start":{"line":8,"column":61},"end":{"line":8,"column":65}}},"1":{"name":"(anonymous_5)","decl":{"start":{"line":11,"column":2},"end":{"line":11,"column":17}},"loc":{"start":{"line":11,"column":52},"end":{"line":13,"column":3}}}},"branchMap":{},"s":{"0":2,"1":2,"2":2,"3":2,"4":5,"5":1,"6":2,"7":2,"8":2},"f":{"0":5,"1":1},"b":{}}
,"C:\\Users\\Pethkar\\Desktop\\uDIAL backend infrastructure\\apps\\api\\src\\uploads\\uploads.service.ts": {"path":"C:\\Users\\Pethkar\\Desktop\\uDIAL backend infrastructure\\apps\\api\\src\\uploads\\uploads.service.ts","statementMap":{"0":{"start":{"line":1,"column":0},"end":{"line":1,"column":44}},"1":{"start":{"line":2,"column":0},"end":{"line":2,"column":45}},"2":{"start":{"line":5,"column":7},"end":{"line":11,"column":null}},"3":{"start":{"line":6,"column":31},"end":{"line":6,"column":42}},"4":{"start":{"line":9,"column":4},"end":{"line":9,"column":52}},"5":{"start":{"line":5,"column":13},"end":{"line":5,"column":27}},"6":{"start":{"line":5,"column":13},"end":{"line":11,"column":null}}},"fnMap":{"0":{"name":"(anonymous_2)","decl":{"start":{"line":6,"column":2},"end":{"line":6,"column":31}},"loc":{"start":{"line":6,"column":51},"end":{"line":6,"column":55}}},"1":{"name":"(anonymous_3)","decl":{"start":{"line":8,"column":2},"end":{"line":8,"column":17}},"loc":{"start":{"line":8,"column":34},"end":{"line":10,"column":3}}}},"branchMap":{},"s":{"0":3,"1":3,"2":3,"3":6,"4":2,"5":3,"6":3},"f":{"0":6,"1":2},"b":{}}
,"C:\\Users\\Pethkar\\Desktop\\uDIAL backend infrastructure\\apps\\api\\src\\worker\\worker.processor.ts": {"path":"C:\\Users\\Pethkar\\Desktop\\uDIAL backend infrastructure\\apps\\api\\src\\worker\\worker.processor.ts","statementMap":{"0":{"start":{"line":1,"column":0},"end":{"line":1,"column":55}},"1":{"start":{"line":3,"column":0},"end":{"line":3,"column":40}},"2":{"start":{"line":4,"column":0},"end":{"line":4,"column":60}},"3":{"start":{"line":7,"column":26},"end":{"line":45,"column":null}},"4":{"start":{"line":11,"column":4},"end":{"line":11,"column":12}},"5":{"start":{"line":10,"column":31},"end":{"line":10,"column":48}},"6":{"start":{"line":8,"column":19},"end":{"line":8,"column":59}},"7":{"start":{"line":15,"column":4},"end":{"line":15,"column":75}},"8":{"start":{"line":17,"column":4},"end":{"line":41,"column":5}},"9":{"start":{"line":19,"column":44},"end":{"line":19,"column":52}},"10":{"start":{"line":22,"column":8},"end":{"line":32,"column":11}},"11":{"start":{"line":34,"column":8},"end":{"line":36,"column":10}},"12":{"start":{"line":37,"column":8},"end":{"line":37,"column":14}},"13":{"start":{"line":40,"column":8},"end":{"line":40,"column":58}},"14":{"start":{"line":43,"column":4},"end":{"line":43,"column":29}},"15":{"start":{"line":7,"column":13},"end":{"line":7,"column":26}},"16":{"start":{"line":7,"column":13},"end":{"line":45,"column":null}}},"fnMap":{"0":{"name":"(anonymous_2)","decl":{"start":{"line":10,"column":2},"end":{"line":10,"column":31}},"loc":{"start":{"line":10,"column":63},"end":{"line":12,"column":3}}},"1":{"name":"(anonymous_3)","decl":{"start":{"line":14,"column":2},"end":{"line":14,"column":7}},"loc":{"start":{"line":14,"column":42},"end":{"line":44,"column":3}}}},"branchMap":{"0":{"loc":{"start":{"line":17,"column":4},"end":{"line":41,"column":5}},"type":"switch","locations":[{"start":{"line":18,"column":6},"end":{"line":38,"column":7}},{"start":{"line":39,"column":6},"end":{"line":40,"column":58}}]},"1":{"loc":{"start":{"line":31,"column":18},"end":{"line":31,"column":58}},"type":"cond-expr","locations":[{"start":{"line":31,"column":40},"end":{"line":31,"column":46}},{"start":{"line":31,"column":49},"end":{"line":31,"column":58}}]}},"s":{"0":2,"1":2,"2":2,"3":2,"4":9,"5":9,"6":9,"7":5,"8":5,"9":4,"10":4,"11":4,"12":4,"13":1,"14":5,"15":2,"16":2},"f":{"0":9,"1":5},"b":{"0":[4,1],"1":[3,1]}}
}
