TN:
SF:src\auth\auth.guard.ts
FN:6,(anonymous_1)
FNF:1
FNH:1
FNDA:3,(anonymous_1)
DA:1,6
DA:2,6
DA:5,6
DA:7,3
DA:8,3
DA:9,3
DA:10,2
DA:11,2
DA:12,2
DA:13,1
DA:14,1
LF:11
LH:11
BRDA:9,0,0,1
BRDA:12,1,0,1
BRF:2
BRH:2
end_of_record
TN:
SF:src\auth\clerk.ts
FN:3,verifyJwt
FNF:1
FNH:1
FNDA:4,verifyJwt
DA:1,7
DA:3,7
DA:4,4
DA:5,4
DA:9,3
DA:10,1
DA:12,2
DA:15,2
DA:16,1
DA:18,2
DA:19,2
LF:11
LH:11
BRDA:9,0,0,1
BRDA:9,1,0,3
BRDA:9,1,1,3
BRF:3
BRH:3
end_of_record
TN:
SF:src\health\health.controller.ts
FN:6,(anonymous_2)
FNF:1
FNH:1
FNDA:1,(anonymous_2)
DA:1,2
DA:4,2
DA:6,2
DA:7,1
LF:4
LH:4
BRF:0
BRH:0
end_of_record
TN:
SF:src\leads\leads.controller.ts
FN:8,(anonymous_4)
FN:11,(anonymous_5)
FN:16,(anonymous_6)
FN:21,(anonymous_7)
FN:26,(anonymous_8)
FN:31,(anonymous_9)
FNF:6
FNH:6
FNDA:12,(anonymous_4)
FNDA:2,(anonymous_5)
FNDA:2,(anonymous_6)
FNDA:1,(anonymous_7)
FNDA:1,(anonymous_8)
FNDA:1,(anonymous_9)
DA:1,2
DA:2,2
DA:3,2
DA:7,2
DA:8,12
DA:11,2
DA:12,2
DA:16,2
DA:17,2
DA:21,2
DA:22,1
DA:26,2
DA:27,1
DA:31,2
DA:32,1
LF:15
LH:15
BRF:0
BRH:0
end_of_record
TN:
SF:src\leads\leads.service.ts
FN:32,(anonymous_2)
FN:34,(anonymous_3)
FN:40,(anonymous_4)
FN:46,(anonymous_5)
FN:56,(anonymous_6)
FN:65,(anonymous_7)
FNF:6
FNH:6
FNDA:15,(anonymous_2)
FNDA:2,(anonymous_3)
FNDA:2,(anonymous_4)
FNDA:7,(anonymous_5)
FNDA:2,(anonymous_6)
FNDA:2,(anonymous_7)
DA:2,3
DA:3,3
DA:31,3
DA:32,15
DA:35,2
DA:41,2
DA:47,7
DA:50,7
DA:51,4
DA:53,3
DA:58,2
DA:59,1
DA:67,2
DA:68,1
LF:14
LH:14
BRDA:50,0,0,4
BRF:1
BRH:1
end_of_record
TN:
SF:src\logs\audit-log.service.ts
FN:20,(anonymous_2)
FN:22,(anonymous_3)
FN:45,(anonymous_4)
FN:65,(anonymous_5)
FN:73,(anonymous_6)
FNF:5
FNH:5
FNDA:18,(anonymous_2)
FNDA:3,(anonymous_3)
FNDA:3,(anonymous_4)
FNDA:2,(anonymous_5)
FNDA:1,(anonymous_6)
DA:1,4
DA:2,4
DA:17,4
DA:18,18
DA:20,18
DA:23,3
DA:24,3
DA:37,2
DA:39,1
DA:40,1
DA:46,3
DA:48,3
DA:66,2
DA:74,1
LF:14
LH:14
BRDA:39,0,0,1
BRDA:39,0,1,0
BRDA:46,1,0,2
BRDA:46,2,0,2
BRDA:46,3,0,3
BRDA:46,3,1,1
BRDA:49,4,0,1
BRDA:49,4,1,2
BRDA:65,5,0,1
BRF:9
BRH:8
end_of_record
TN:
SF:src\logs\logging.interceptor.ts
FN:10,(anonymous_2)
FN:12,(anonymous_3)
FN:20,(anonymous_4)
FN:36,(anonymous_5)
FN:40,(anonymous_6)
FN:50,(anonymous_7)
FNF:6
FNH:5
FNDA:5,(anonymous_2)
FNDA:4,(anonymous_3)
FNDA:3,(anonymous_4)
FNDA:1,(anonymous_5)
FNDA:1,(anonymous_6)
FNDA:0,(anonymous_7)
DA:1,1
DA:3,1
DA:4,1
DA:7,1
DA:8,5
DA:10,5
DA:13,4
DA:14,4
DA:15,4
DA:16,4
DA:18,4
DA:21,3
DA:22,3
DA:23,3
DA:26,3
DA:36,1
DA:38,3
DA:41,1
DA:42,1
DA:50,0
LF:20
LH:19
BRDA:15,0,0,4
BRDA:15,0,1,1
BRF:2
BRH:2
end_of_record
TN:
SF:src\logs\logs.service.ts
FN:7,(anonymous_4)
FN:9,(anonymous_5)
FNF:2
FNH:2
FNDA:12,(anonymous_4)
FNDA:3,(anonymous_5)
DA:1,4
DA:2,4
DA:3,4
DA:6,4
DA:7,12
DA:10,3
LF:6
LH:6
BRF:0
BRH:0
end_of_record
TN:
SF:src\prisma\prisma.service.ts
FN:10,(anonymous_2)
FN:21,(anonymous_3)
FNF:2
FNH:1
FNDA:2,(anonymous_2)
FNDA:0,(anonymous_3)
DA:1,9
DA:2,9
DA:3,9
DA:4,9
DA:7,9
DA:8,2
DA:11,2
DA:17,2
DA:18,2
DA:22,0
DA:23,0
LF:11
LH:9
BRF:0
BRH:0
end_of_record
TN:
SF:src\redis\redis.service.ts
FN:8,(anonymous_3)
FN:15,(anonymous_4)
FN:19,(anonymous_5)
FNF:3
FNH:3
FNDA:8,(anonymous_3)
FNDA:1,(anonymous_4)
FNDA:2,(anonymous_5)
DA:1,2
DA:2,2
DA:5,2
DA:9,8
DA:10,1
DA:12,7
DA:16,1
DA:20,2
DA:21,1
DA:23,1
LF:10
LH:10
BRDA:9,0,0,1
BRDA:20,1,0,1
BRF:2
BRH:2
end_of_record
TN:
SF:src\s3\s3.service.ts
FN:9,(anonymous_2)
FN:19,(anonymous_3)
FNF:2
FNH:2
FNDA:10,(anonymous_2)
FNDA:5,(anonymous_3)
DA:1,5
DA:2,5
DA:3,5
DA:6,5
DA:10,10
DA:20,5
DA:24,5
LF:7
LH:7
BRF:0
BRH:0
end_of_record
TN:
SF:src\uploads\uploads.controller.ts
FN:8,(anonymous_4)
FN:11,(anonymous_5)
FNF:2
FNH:2
FNDA:5,(anonymous_4)
FNDA:1,(anonymous_5)
DA:1,2
DA:2,2
DA:3,2
DA:7,2
DA:8,5
DA:11,2
DA:12,1
LF:7
LH:7
BRF:0
BRH:0
end_of_record
TN:
SF:src\uploads\uploads.service.ts
FN:6,(anonymous_2)
FN:8,(anonymous_3)
FNF:2
FNH:2
FNDA:6,(anonymous_2)
FNDA:2,(anonymous_3)
DA:1,3
DA:2,3
DA:5,3
DA:6,6
DA:9,2
LF:5
LH:5
BRF:0
BRH:0
end_of_record
TN:
SF:src\worker\worker.processor.ts
FN:10,(anonymous_2)
FN:14,(anonymous_3)
FNF:2
FNH:2
FNDA:9,(anonymous_2)
FNDA:5,(anonymous_3)
DA:1,2
DA:3,2
DA:4,2
DA:7,2
DA:8,9
DA:10,9
DA:11,9
DA:15,5
DA:17,5
DA:19,4
DA:22,4
DA:34,4
DA:37,4
DA:40,1
DA:43,5
LF:15
LH:15
BRDA:17,0,0,4
BRDA:17,0,1,1
BRDA:31,1,0,3
BRDA:31,1,1,1
BRF:4
BRH:4
end_of_record
