TN:
SF:src\app.module.ts
FNF:0
FNH:0
DA:1,0
DA:2,0
DA:3,0
DA:4,0
DA:5,0
DA:6,0
DA:7,0
DA:8,0
DA:9,0
DA:10,0
DA:11,0
DA:32,0
LF:12
LH:0
BRDA:17,0,0,0
BRDA:17,0,1,0
BRDA:18,1,0,0
BRDA:18,1,1,0
BRF:4
BRH:0
end_of_record
TN:
SF:src\logger.config.ts
FN:11,(anonymous_9)
FNF:1
FNH:0
FNDA:0,(anonymous_9)
DA:1,0
DA:2,0
DA:4,0
DA:12,0
LF:4
LH:0
BRDA:12,0,0,0
BRDA:12,0,1,0
BRF:2
BRH:0
end_of_record
TN:
SF:src\main-worker.ts
FN:5,bootstrap
FNF:1
FNH:0
FNDA:0,bootstrap
DA:1,0
DA:2,0
DA:3,0
DA:6,0
DA:7,0
DA:9,0
DA:13,0
LF:7
LH:0
BRF:0
BRH:0
end_of_record
TN:
SF:src\main.ts
FN:6,bootstrap
FNF:1
FNH:0
FNDA:0,bootstrap
DA:1,0
DA:2,0
DA:3,0
DA:4,0
DA:7,0
DA:10,0
DA:11,0
DA:12,0
DA:14,0
LF:9
LH:0
BRF:0
BRH:0
end_of_record
TN:
SF:src\auth\auth.guard.ts
FN:6,(anonymous_1)
FNF:1
FNH:1
FNDA:3,(anonymous_1)
DA:1,2
DA:2,2
DA:5,2
DA:7,3
DA:8,3
DA:9,3
DA:10,2
DA:11,2
DA:12,2
DA:13,1
DA:14,1
LF:11
LH:11
BRDA:9,0,0,1
BRDA:12,1,0,1
BRF:2
BRH:2
end_of_record
TN:
SF:src\auth\auth.module.ts
FNF:0
FNH:0
DA:1,1
DA:2,1
DA:8,1
LF:3
LH:3
BRF:0
BRH:0
end_of_record
TN:
SF:src\auth\clerk.ts
FN:3,verifyJwt
FNF:1
FNH:1
FNDA:4,verifyJwt
DA:1,3
DA:3,3
DA:4,4
DA:5,4
DA:9,3
DA:10,1
DA:12,2
DA:15,2
DA:16,1
DA:18,2
DA:19,2
LF:11
LH:11
BRDA:9,0,0,1
BRDA:9,1,0,3
BRDA:9,1,1,3
BRF:3
BRH:3
end_of_record
TN:
SF:src\health\health.controller.ts
FN:6,(anonymous_2)
FNF:1
FNH:1
FNDA:1,(anonymous_2)
DA:1,2
DA:4,2
DA:6,2
DA:7,1
LF:4
LH:4
BRF:0
BRH:0
end_of_record
TN:
SF:src\health\health.module.ts
FNF:0
FNH:0
DA:1,1
DA:2,1
DA:7,1
LF:3
LH:3
BRF:0
BRH:0
end_of_record
TN:
SF:src\leads\leads.controller.ts
FN:8,(anonymous_4)
FN:11,(anonymous_5)
FN:16,(anonymous_6)
FN:21,(anonymous_7)
FNF:4
FNH:0
FNDA:0,(anonymous_4)
FNDA:0,(anonymous_5)
FNDA:0,(anonymous_6)
FNDA:0,(anonymous_7)
DA:1,0
DA:2,0
DA:3,0
DA:7,0
DA:8,0
DA:11,0
DA:12,0
DA:16,0
DA:17,0
DA:21,0
DA:22,0
LF:11
LH:0
BRF:0
BRH:0
end_of_record
TN:
SF:src\leads\leads.module.ts
FNF:0
FNH:0
DA:2,0
DA:3,0
DA:4,0
DA:5,0
DA:13,0
LF:5
LH:0
BRF:0
BRH:0
end_of_record
TN:
SF:src\leads\leads.service.ts
FN:7,(anonymous_2)
FN:9,(anonymous_3)
FN:13,(anonymous_4)
FN:19,(anonymous_5)
FNF:4
FNH:0
FNDA:0,(anonymous_2)
FNDA:0,(anonymous_3)
FNDA:0,(anonymous_4)
FNDA:0,(anonymous_5)
DA:2,0
DA:3,0
DA:6,0
DA:7,0
DA:10,0
DA:14,0
DA:20,0
LF:7
LH:0
BRF:0
BRH:0
end_of_record
TN:
SF:src\logs\logs.module.ts
FNF:0
FNH:0
DA:1,0
DA:2,0
DA:3,0
DA:14,0
LF:4
LH:0
BRF:0
BRH:0
end_of_record
TN:
SF:src\logs\logs.service.ts
FN:7,(anonymous_4)
FN:9,(anonymous_5)
FNF:2
FNH:0
FNDA:0,(anonymous_4)
FNDA:0,(anonymous_5)
DA:1,0
DA:2,0
DA:3,0
DA:6,0
DA:7,0
DA:10,0
LF:6
LH:0
BRF:0
BRH:0
end_of_record
TN:
SF:src\prisma\prisma.module.ts
FNF:0
FNH:0
DA:2,1
DA:3,1
DA:9,1
LF:3
LH:3
BRF:0
BRH:0
end_of_record
TN:
SF:src\prisma\prisma.service.ts
FN:6,(anonymous_1)
FN:9,(anonymous_2)
FNF:2
FNH:1
FNDA:2,(anonymous_1)
FNDA:0,(anonymous_2)
DA:2,2
DA:3,2
DA:6,2
DA:7,2
DA:10,0
DA:11,0
LF:6
LH:4
BRF:0
BRH:0
end_of_record
TN:
SF:src\redis\redis.module.ts
FNF:0
FNH:0
DA:1,1
DA:2,1
DA:8,1
LF:3
LH:3
BRF:0
BRH:0
end_of_record
TN:
SF:src\redis\redis.service.ts
FN:8,(anonymous_3)
FN:15,(anonymous_4)
FN:19,(anonymous_5)
FNF:3
FNH:3
FNDA:8,(anonymous_3)
FNDA:1,(anonymous_4)
FNDA:2,(anonymous_5)
DA:1,2
DA:2,2
DA:5,2
DA:9,8
DA:10,1
DA:12,7
DA:16,1
DA:20,2
DA:21,1
DA:23,1
LF:10
LH:10
BRDA:9,0,0,1
BRDA:20,1,0,1
BRF:2
BRH:2
end_of_record
TN:
SF:src\s3\s3.module.ts
FNF:0
FNH:0
DA:1,0
DA:2,0
DA:8,0
LF:3
LH:0
BRF:0
BRH:0
end_of_record
TN:
SF:src\s3\s3.service.ts
FN:9,(anonymous_2)
FN:19,(anonymous_3)
FNF:2
FNH:0
FNDA:0,(anonymous_2)
FNDA:0,(anonymous_3)
DA:1,0
DA:2,0
DA:3,0
DA:6,0
DA:10,0
DA:20,0
DA:24,0
LF:7
LH:0
BRF:0
BRH:0
end_of_record
TN:
SF:src\uploads\uploads.controller.ts
FN:8,(anonymous_4)
FN:11,(anonymous_5)
FNF:2
FNH:0
FNDA:0,(anonymous_4)
FNDA:0,(anonymous_5)
DA:1,0
DA:2,0
DA:3,0
DA:7,0
DA:8,0
DA:11,0
DA:12,0
LF:7
LH:0
BRF:0
BRH:0
end_of_record
TN:
SF:src\uploads\uploads.module.ts
FNF:0
FNH:0
DA:1,0
DA:2,0
DA:3,0
DA:4,0
DA:11,0
LF:5
LH:0
BRF:0
BRH:0
end_of_record
TN:
SF:src\uploads\uploads.service.ts
FN:6,(anonymous_2)
FN:8,(anonymous_3)
FNF:2
FNH:0
FNDA:0,(anonymous_2)
FNDA:0,(anonymous_3)
DA:1,0
DA:2,0
DA:5,0
DA:6,0
DA:9,0
LF:5
LH:0
BRF:0
BRH:0
end_of_record
TN:
SF:src\users\users.controller.ts
FN:8,(anonymous_4)
FN:11,(anonymous_5)
FN:16,(anonymous_6)
FNF:3
FNH:0
FNDA:0,(anonymous_4)
FNDA:0,(anonymous_5)
FNDA:0,(anonymous_6)
DA:1,0
DA:2,0
DA:3,0
DA:7,0
DA:8,0
DA:11,0
DA:12,0
DA:16,0
DA:17,0
LF:9
LH:0
BRF:0
BRH:0
end_of_record
TN:
SF:src\users\users.module.ts
FNF:0
FNH:0
DA:1,0
DA:2,0
DA:3,0
DA:4,0
DA:5,0
DA:13,0
LF:6
LH:0
BRF:0
BRH:0
end_of_record
TN:
SF:src\users\users.service.ts
FN:8,(anonymous_2)
FN:13,(anonymous_3)
FN:22,(anonymous_4)
FNF:3
FNH:0
FNDA:0,(anonymous_2)
FNDA:0,(anonymous_3)
FNDA:0,(anonymous_4)
DA:2,0
DA:3,0
DA:4,0
DA:7,0
DA:9,0
DA:10,0
DA:14,0
DA:23,0
DA:28,0
DA:30,0
LF:10
LH:0
BRF:0
BRH:0
end_of_record
TN:
SF:src\worker\worker.module.ts
FNF:0
FNH:0
DA:1,0
DA:2,0
DA:3,0
DA:14,0
LF:4
LH:0
BRF:0
BRH:0
end_of_record
TN:
SF:src\worker\worker.processor.ts
FN:6,(anonymous_1)
FN:9,(anonymous_2)
FNF:2
FNH:0
FNDA:0,(anonymous_1)
FNDA:0,(anonymous_2)
DA:1,0
DA:3,0
DA:6,0
DA:7,0
DA:10,0
DA:12,0
DA:14,0
DA:16,0
DA:17,0
DA:20,0
DA:23,0
LF:11
LH:0
BRDA:12,0,0,0
BRDA:12,0,1,0
BRF:2
BRH:0
end_of_record
